<?xml version="1.0" encoding="UTF-8"?>
<!-- Generated by org.testng.reporters.JUnitXMLReporter -->
<testsuite ignored="0" hostname="Apples-MacBook-Pro-2.local" failures="0" tests="2" name="error_validation" time="43.008" errors="0" timestamp="05 Dec 2023 07:12:01 GMT">
  <testcase classname="sus.test.errorvalidationTest" name="loginerrorvalidation" time="14.165"/>
  <testcase classname="sus.test.errorvalidationTest" name="producterrorvalidation" time="18.326"/>
</testsuite> <!-- error_validation -->
